Timing Analyzer report for SevenSeg_v
Thu Jun 26 00:44:47 2025
Quartus Prime Version 24.1std.0 Build 1077 03/04/2025 SC Lite Edition


---------------------
; Table of Contents ;
---------------------
  1. Legal Notice
  2. Timing Analyzer Summary
  3. Parallel Compilation
  4. SDC File List
  5. Clocks
  6. Slow 1100mV 85C Model Fmax Summary
  7. Timing Closure Recommendations
  8. Slow 1100mV 85C Model Setup Summary
  9. Slow 1100mV 85C Model Hold Summary
 10. Slow 1100mV 85C Model Recovery Summary
 11. Slow 1100mV 85C Model Removal Summary
 12. Slow 1100mV 85C Model Minimum Pulse Width Summary
 13. Slow 1100mV 85C Model Metastability Summary
 14. Slow 1100mV 0C Model Fmax Summary
 15. Slow 1100mV 0C Model Setup Summary
 16. Slow 1100mV 0C Model Hold Summary
 17. Slow 1100mV 0C Model Recovery Summary
 18. Slow 1100mV 0C Model Removal Summary
 19. Slow 1100mV 0C Model Minimum Pulse Width Summary
 20. Slow 1100mV 0C Model Metastability Summary
 21. Fast 1100mV 85C Model Setup Summary
 22. Fast 1100mV 85C Model Hold Summary
 23. Fast 1100mV 85C Model Recovery Summary
 24. Fast 1100mV 85C Model Removal Summary
 25. Fast 1100mV 85C Model Minimum Pulse Width Summary
 26. Fast 1100mV 85C Model Metastability Summary
 27. Fast 1100mV 0C Model Setup Summary
 28. Fast 1100mV 0C Model Hold Summary
 29. Fast 1100mV 0C Model Recovery Summary
 30. Fast 1100mV 0C Model Removal Summary
 31. Fast 1100mV 0C Model Minimum Pulse Width Summary
 32. Fast 1100mV 0C Model Metastability Summary
 33. Multicorner Timing Analysis Summary
 34. Board Trace Model Assignments
 35. Input Transition Times
 36. Signal Integrity Metrics (Slow 1100mv 0c Model)
 37. Signal Integrity Metrics (Slow 1100mv 85c Model)
 38. Signal Integrity Metrics (Fast 1100mv 0c Model)
 39. Signal Integrity Metrics (Fast 1100mv 85c Model)
 40. Setup Transfers
 41. Hold Transfers
 42. Recovery Transfers
 43. Removal Transfers
 44. Report TCCS
 45. Report RSKM
 46. Unconstrained Paths Summary
 47. Clock Status Summary
 48. Timing Analyzer Messages



----------------
; Legal Notice ;
----------------
Copyright (C) 2025  Altera Corporation. All rights reserved.
Your use of Altera Corporation's design tools, logic functions 
and other software and tools, and any partner logic 
functions, and any output files from any of the foregoing 
(including device programming or simulation files), and any 
associated documentation or information are expressly subject 
to the terms and conditions of the Altera Program License 
Subscription Agreement, the Altera Quartus Prime License Agreement,
the Altera IP License Agreement, or other applicable license
agreement, including, without limitation, that your use is for
the sole purpose of programming logic devices manufactured by
Altera and sold by Altera or its authorized distributors.  Please
refer to the Altera Software License Subscription Agreements 
on the Quartus Prime software download page.



+---------------------------------------------------------------------------------+
; Timing Analyzer Summary                                                         ;
+-----------------------+---------------------------------------------------------+
; Quartus Prime Version ; Version 24.1std.0 Build 1077 03/04/2025 SC Lite Edition ;
; Timing Analyzer       ; Legacy Timing Analyzer                                  ;
; Revision Name         ; SevenSeg_v                                              ;
; Device Family         ; Cyclone V                                               ;
; Device Name           ; 5CGXFC5C6F27C7                                          ;
; Timing Models         ; Final                                                   ;
; Delay Model           ; Combined                                                ;
; Rise/Fall Delays      ; Enabled                                                 ;
+-----------------------+---------------------------------------------------------+


+------------------------------------------+
; Parallel Compilation                     ;
+----------------------------+-------------+
; Processors                 ; Number      ;
+----------------------------+-------------+
; Number detected on machine ; 16          ;
; Maximum allowed            ; 16          ;
;                            ;             ;
; Average used               ; 1.04        ;
; Maximum used               ; 16          ;
;                            ;             ;
; Usage by Processor         ; % Time Used ;
;     Processor 1            ; 100.0%      ;
;     Processor 2            ;   0.4%      ;
;     Processor 3            ;   0.3%      ;
;     Processor 4            ;   0.3%      ;
;     Processors 5-16        ;   0.3%      ;
+----------------------------+-------------+


+---------------------------------------------------+
; SDC File List                                     ;
+---------------+--------+--------------------------+
; SDC File Path ; Status ; Read at                  ;
+---------------+--------+--------------------------+
; sdc.sdc       ; OK     ; Thu Jun 26 00:44:44 2025 ;
+---------------+--------+--------------------------+


+-----------------------------------------------------------------------------------------------------------------------------------------------------------------------------------+
; Clocks                                                                                                                                                                            ;
+------------+------+--------+-----------+-------+--------+------------+-----------+-------------+-------+--------+-----------+------------+----------+--------+--------+-----------+
; Clock Name ; Type ; Period ; Frequency ; Rise  ; Fall   ; Duty Cycle ; Divide by ; Multiply by ; Phase ; Offset ; Edge List ; Edge Shift ; Inverted ; Master ; Source ; Targets   ;
+------------+------+--------+-----------+-------+--------+------------+-----------+-------------+-------+--------+-----------+------------+----------+--------+--------+-----------+
; clk        ; Base ; 20.000 ; 50.0 MHz  ; 0.000 ; 10.000 ;            ;           ;             ;       ;        ;           ;            ;          ;        ;        ; { i_clk } ;
+------------+------+--------+-----------+-------+--------+------------+-----------+-------------+-------+--------+-----------+------------+----------+--------+--------+-----------+


+-------------------------------------------------+
; Slow 1100mV 85C Model Fmax Summary              ;
+-----------+-----------------+------------+------+
; Fmax      ; Restricted Fmax ; Clock Name ; Note ;
+-----------+-----------------+------------+------+
; 76.66 MHz ; 76.66 MHz       ; clk        ;      ;
+-----------+-----------------+------------+------+
This panel reports FMAX for every clock in the design, regardless of the user-specified clock periods.  FMAX is only computed for paths where the source and destination registers or ports are driven by the same clock.  Paths of different clocks, including generated clocks, are ignored.  For paths between a clock and its inversion, FMAX is computed as if the rising and falling edges are scaled along with FMAX, such that the duty cycle (in terms of a percentage) is maintained. Altera recommends that you always use clock constraints and other slack reports for sign-off analysis.


----------------------------------
; Timing Closure Recommendations ;
----------------------------------
HTML report is unavailable in plain text report export.


+-------------------------------------+
; Slow 1100mV 85C Model Setup Summary ;
+-------+-------+---------------------+
; Clock ; Slack ; End Point TNS       ;
+-------+-------+---------------------+
; clk   ; 6.956 ; 0.000               ;
+-------+-------+---------------------+


+------------------------------------+
; Slow 1100mV 85C Model Hold Summary ;
+-------+-------+--------------------+
; Clock ; Slack ; End Point TNS      ;
+-------+-------+--------------------+
; clk   ; 0.408 ; 0.000              ;
+-------+-------+--------------------+


+----------------------------------------+
; Slow 1100mV 85C Model Recovery Summary ;
+-------+--------+-----------------------+
; Clock ; Slack  ; End Point TNS         ;
+-------+--------+-----------------------+
; clk   ; 11.781 ; 0.000                 ;
+-------+--------+-----------------------+


+---------------------------------------+
; Slow 1100mV 85C Model Removal Summary ;
+-------+-------+-----------------------+
; Clock ; Slack ; End Point TNS         ;
+-------+-------+-----------------------+
; clk   ; 6.316 ; 0.000                 ;
+-------+-------+-----------------------+


+---------------------------------------------------+
; Slow 1100mV 85C Model Minimum Pulse Width Summary ;
+-------+-------+-----------------------------------+
; Clock ; Slack ; End Point TNS                     ;
+-------+-------+-----------------------------------+
; clk   ; 9.236 ; 0.000                             ;
+-------+-------+-----------------------------------+


-----------------------------------------------
; Slow 1100mV 85C Model Metastability Summary ;
-----------------------------------------------
No synchronizer chains to report.


+------------------------------------------------+
; Slow 1100mV 0C Model Fmax Summary              ;
+----------+-----------------+------------+------+
; Fmax     ; Restricted Fmax ; Clock Name ; Note ;
+----------+-----------------+------------+------+
; 76.6 MHz ; 76.6 MHz        ; clk        ;      ;
+----------+-----------------+------------+------+
This panel reports FMAX for every clock in the design, regardless of the user-specified clock periods.  FMAX is only computed for paths where the source and destination registers or ports are driven by the same clock.  Paths of different clocks, including generated clocks, are ignored.  For paths between a clock and its inversion, FMAX is computed as if the rising and falling edges are scaled along with FMAX, such that the duty cycle (in terms of a percentage) is maintained. Altera recommends that you always use clock constraints and other slack reports for sign-off analysis.


+------------------------------------+
; Slow 1100mV 0C Model Setup Summary ;
+-------+-------+--------------------+
; Clock ; Slack ; End Point TNS      ;
+-------+-------+--------------------+
; clk   ; 6.946 ; 0.000              ;
+-------+-------+--------------------+


+-----------------------------------+
; Slow 1100mV 0C Model Hold Summary ;
+-------+-------+-------------------+
; Clock ; Slack ; End Point TNS     ;
+-------+-------+-------------------+
; clk   ; 0.387 ; 0.000             ;
+-------+-------+-------------------+


+---------------------------------------+
; Slow 1100mV 0C Model Recovery Summary ;
+-------+-------+-----------------------+
; Clock ; Slack ; End Point TNS         ;
+-------+-------+-----------------------+
; clk   ; 8.265 ; 0.000                 ;
+-------+-------+-----------------------+


+--------------------------------------+
; Slow 1100mV 0C Model Removal Summary ;
+-------+-------+----------------------+
; Clock ; Slack ; End Point TNS        ;
+-------+-------+----------------------+
; clk   ; 9.532 ; 0.000                ;
+-------+-------+----------------------+


+--------------------------------------------------+
; Slow 1100mV 0C Model Minimum Pulse Width Summary ;
+-------+-------+----------------------------------+
; Clock ; Slack ; End Point TNS                    ;
+-------+-------+----------------------------------+
; clk   ; 9.264 ; 0.000                            ;
+-------+-------+----------------------------------+


----------------------------------------------
; Slow 1100mV 0C Model Metastability Summary ;
----------------------------------------------
No synchronizer chains to report.


+-------------------------------------+
; Fast 1100mV 85C Model Setup Summary ;
+-------+--------+--------------------+
; Clock ; Slack  ; End Point TNS      ;
+-------+--------+--------------------+
; clk   ; 10.938 ; 0.000              ;
+-------+--------+--------------------+


+------------------------------------+
; Fast 1100mV 85C Model Hold Summary ;
+-------+-------+--------------------+
; Clock ; Slack ; End Point TNS      ;
+-------+-------+--------------------+
; clk   ; 0.179 ; 0.000              ;
+-------+-------+--------------------+


+----------------------------------------+
; Fast 1100mV 85C Model Recovery Summary ;
+-------+--------+-----------------------+
; Clock ; Slack  ; End Point TNS         ;
+-------+--------+-----------------------+
; clk   ; 10.895 ; 0.000                 ;
+-------+--------+-----------------------+


+---------------------------------------+
; Fast 1100mV 85C Model Removal Summary ;
+-------+-------+-----------------------+
; Clock ; Slack ; End Point TNS         ;
+-------+-------+-----------------------+
; clk   ; 7.776 ; 0.000                 ;
+-------+-------+-----------------------+


+---------------------------------------------------+
; Fast 1100mV 85C Model Minimum Pulse Width Summary ;
+-------+-------+-----------------------------------+
; Clock ; Slack ; End Point TNS                     ;
+-------+-------+-----------------------------------+
; clk   ; 9.069 ; 0.000                             ;
+-------+-------+-----------------------------------+


-----------------------------------------------
; Fast 1100mV 85C Model Metastability Summary ;
-----------------------------------------------
No synchronizer chains to report.


+------------------------------------+
; Fast 1100mV 0C Model Setup Summary ;
+-------+--------+-------------------+
; Clock ; Slack  ; End Point TNS     ;
+-------+--------+-------------------+
; clk   ; 11.145 ; 0.000             ;
+-------+--------+-------------------+


+-----------------------------------+
; Fast 1100mV 0C Model Hold Summary ;
+-------+-------+-------------------+
; Clock ; Slack ; End Point TNS     ;
+-------+-------+-------------------+
; clk   ; 0.171 ; 0.000             ;
+-------+-------+-------------------+


+---------------------------------------+
; Fast 1100mV 0C Model Recovery Summary ;
+-------+--------+----------------------+
; Clock ; Slack  ; End Point TNS        ;
+-------+--------+----------------------+
; clk   ; 12.875 ; 0.000                ;
+-------+--------+----------------------+


+--------------------------------------+
; Fast 1100mV 0C Model Removal Summary ;
+-------+-------+----------------------+
; Clock ; Slack ; End Point TNS        ;
+-------+-------+----------------------+
; clk   ; 6.060 ; 0.000                ;
+-------+-------+----------------------+


+--------------------------------------------------+
; Fast 1100mV 0C Model Minimum Pulse Width Summary ;
+-------+-------+----------------------------------+
; Clock ; Slack ; End Point TNS                    ;
+-------+-------+----------------------------------+
; clk   ; 9.024 ; 0.000                            ;
+-------+-------+----------------------------------+


----------------------------------------------
; Fast 1100mV 0C Model Metastability Summary ;
----------------------------------------------
No synchronizer chains to report.


+-----------------------------------------------------------------------------+
; Multicorner Timing Analysis Summary                                         ;
+------------------+-------+-------+----------+---------+---------------------+
; Clock            ; Setup ; Hold  ; Recovery ; Removal ; Minimum Pulse Width ;
+------------------+-------+-------+----------+---------+---------------------+
; Worst-case Slack ; 6.946 ; 0.171 ; 8.265    ; 6.060   ; 9.024               ;
;  clk             ; 6.946 ; 0.171 ; 8.265    ; 6.060   ; 9.024               ;
; Design-wide TNS  ; 0.0   ; 0.0   ; 0.0      ; 0.0     ; 0.0                 ;
;  clk             ; 0.000 ; 0.000 ; 0.000    ; 0.000   ; 0.000               ;
+------------------+-------+-------+----------+---------+---------------------+


+------------------------------------------------------------------------------------------------------------------------------------------------------------------------------------------------------------------------------------------------------------------------------------------------------------------------------------------------------------------------------------------------------------+
; Board Trace Model Assignments                                                                                                                                                                                                                                                                                                                                                                              ;
+---------+--------------+-------------------+-------------------------+-------------------------+---------------+---------------------+----------------+------------------+--------+------------------+------------------------+------------------------+--------------+---------------+-----------------+-------+---------------------+--------------------+---------------+-----------------+-------------+
; Pin     ; I/O Standard ; Near Tline Length ; Near Tline L per Length ; Near Tline C per Length ; Near Series R ; Near Differential R ; Near Pull-up R ; Near Pull-down R ; Near C ; Far Tline Length ; Far Tline L per Length ; Far Tline C per Length ; Far Series R ; Far Pull-up R ; Far Pull-down R ; Far C ; Termination Voltage ; Far Differential R ; EBD File Name ; EBD Signal Name ; EBD Far-end ;
+---------+--------------+-------------------+-------------------------+-------------------------+---------------+---------------------+----------------+------------------+--------+------------------+------------------------+------------------------+--------------+---------------+-----------------+-------+---------------------+--------------------+---------------+-----------------+-------------+
; o_Seg_A ; 1.2 V        ; 0 in              ; 0 H/in                  ; 0 F/in                  ; short         ; -                   ; open           ; open             ; open   ; 0 in             ; 0 H/in                 ; 0 F/in                 ; short        ; open          ; open            ; open  ; 0 V                 ; -                  ; n/a           ; n/a             ; n/a         ;
; o_Seg_B ; 1.2 V        ; 0 in              ; 0 H/in                  ; 0 F/in                  ; short         ; -                   ; open           ; open             ; open   ; 0 in             ; 0 H/in                 ; 0 F/in                 ; short        ; open          ; open            ; open  ; 0 V                 ; -                  ; n/a           ; n/a             ; n/a         ;
; o_Seg_C ; 1.2 V        ; 0 in              ; 0 H/in                  ; 0 F/in                  ; short         ; -                   ; open           ; open             ; open   ; 0 in             ; 0 H/in                 ; 0 F/in                 ; short        ; open          ; open            ; open  ; 0 V                 ; -                  ; n/a           ; n/a             ; n/a         ;
; o_Seg_D ; 1.2 V        ; 0 in              ; 0 H/in                  ; 0 F/in                  ; short         ; -                   ; open           ; open             ; open   ; 0 in             ; 0 H/in                 ; 0 F/in                 ; short        ; open          ; open            ; open  ; 0 V                 ; -                  ; n/a           ; n/a             ; n/a         ;
; o_Seg_E ; 1.2 V        ; 0 in              ; 0 H/in                  ; 0 F/in                  ; short         ; -                   ; open           ; open             ; open   ; 0 in             ; 0 H/in                 ; 0 F/in                 ; short        ; open          ; open            ; open  ; 0 V                 ; -                  ; n/a           ; n/a             ; n/a         ;
; o_Seg_F ; 1.2 V        ; 0 in              ; 0 H/in                  ; 0 F/in                  ; short         ; -                   ; open           ; open             ; open   ; 0 in             ; 0 H/in                 ; 0 F/in                 ; short        ; open          ; open            ; open  ; 0 V                 ; -                  ; n/a           ; n/a             ; n/a         ;
; o_Seg_G ; 1.2 V        ; 0 in              ; 0 H/in                  ; 0 F/in                  ; short         ; -                   ; open           ; open             ; open   ; 0 in             ; 0 H/in                 ; 0 F/in                 ; short        ; open          ; open            ; open  ; 0 V                 ; -                  ; n/a           ; n/a             ; n/a         ;
+---------+--------------+-------------------+-------------------------+-------------------------+---------------+---------------------+----------------+------------------+--------+------------------+------------------------+------------------------+--------------+---------------+-----------------+-------+---------------------+--------------------+---------------+-----------------+-------------+


+----------------------------------------------------------+
; Input Transition Times                                   ;
+-------+--------------+-----------------+-----------------+
; Pin   ; I/O Standard ; 10-90 Rise Time ; 90-10 Fall Time ;
+-------+--------------+-----------------+-----------------+
; i_clk ; 3.3-V LVTTL  ; 2640 ps         ; 2640 ps         ;
; rst_n ; 1.2 V        ; 960 ps          ; 960 ps          ;
+-------+--------------+-----------------+-----------------+


+--------------------------------------------------------------------------------------------------------------------------------------------------------------------------------------------------------------------------------------------------------------------------------------------------------------------------------------------------------------------------------------------------------------------------------------------------------------------------------------------------------------------------------------------------------------------------------------------------------------------------------------------------------------------------------------+
; Signal Integrity Metrics (Slow 1100mv 0c Model)                                                                                                                                                                                                                                                                                                                                                                                                                                                                                                                                                                                                                                      ;
+---------+--------------+---------------------+---------------------+------------------------------+------------------------------+---------------------+---------------------+--------------------------------------+--------------------------------------+-----------------------------+-----------------------------+----------------------------+----------------------------+-----------------------------+-----------------------------+--------------------+--------------------+-------------------------------------+-------------------------------------+----------------------------+----------------------------+---------------------------+---------------------------+
; Pin     ; I/O Standard ; Board Delay on Rise ; Board Delay on Fall ; Steady State Voh at FPGA Pin ; Steady State Vol at FPGA Pin ; Voh Max at FPGA Pin ; Vol Min at FPGA Pin ; Ringback Voltage on Rise at FPGA Pin ; Ringback Voltage on Fall at FPGA Pin ; 10-90 Rise Time at FPGA Pin ; 90-10 Fall Time at FPGA Pin ; Monotonic Rise at FPGA Pin ; Monotonic Fall at FPGA Pin ; Steady State Voh at Far-end ; Steady State Vol at Far-end ; Voh Max at Far-end ; Vol Min at Far-end ; Ringback Voltage on Rise at Far-end ; Ringback Voltage on Fall at Far-end ; 10-90 Rise Time at Far-end ; 90-10 Fall Time at Far-end ; Monotonic Rise at Far-end ; Monotonic Fall at Far-end ;
+---------+--------------+---------------------+---------------------+------------------------------+------------------------------+---------------------+---------------------+--------------------------------------+--------------------------------------+-----------------------------+-----------------------------+----------------------------+----------------------------+-----------------------------+-----------------------------+--------------------+--------------------+-------------------------------------+-------------------------------------+----------------------------+----------------------------+---------------------------+---------------------------+
; o_Seg_A ; 1.2 V        ; 0 s                 ; 0 s                 ; 1.09 V                       ; 1.26e-07 V                   ; 1.12 V              ; -0.0464 V           ; 0.081 V                              ; 0.112 V                              ; 6.59e-10 s                  ; 4.71e-10 s                  ; No                         ; No                         ; 1.09 V                      ; 1.26e-07 V                  ; 1.12 V             ; -0.0464 V          ; 0.081 V                             ; 0.112 V                             ; 6.59e-10 s                 ; 4.71e-10 s                 ; No                        ; No                        ;
; o_Seg_B ; 1.2 V        ; 0 s                 ; 0 s                 ; 1.09 V                       ; 1.26e-07 V                   ; 1.12 V              ; -0.0464 V           ; 0.081 V                              ; 0.112 V                              ; 6.59e-10 s                  ; 4.71e-10 s                  ; No                         ; No                         ; 1.09 V                      ; 1.26e-07 V                  ; 1.12 V             ; -0.0464 V          ; 0.081 V                             ; 0.112 V                             ; 6.59e-10 s                 ; 4.71e-10 s                 ; No                        ; No                        ;
; o_Seg_C ; 1.2 V        ; 0 s                 ; 0 s                 ; 1.09 V                       ; 1.12e-07 V                   ; 1.1 V               ; -0.0175 V           ; 0.055 V                              ; 0.073 V                              ; 6.35e-10 s                  ; 4.59e-10 s                  ; No                         ; No                         ; 1.09 V                      ; 1.12e-07 V                  ; 1.1 V              ; -0.0175 V          ; 0.055 V                             ; 0.073 V                             ; 6.35e-10 s                 ; 4.59e-10 s                 ; No                        ; No                        ;
; o_Seg_D ; 1.2 V        ; 0 s                 ; 0 s                 ; 1.09 V                       ; 1.12e-07 V                   ; 1.1 V               ; -0.0175 V           ; 0.055 V                              ; 0.073 V                              ; 6.35e-10 s                  ; 4.59e-10 s                  ; No                         ; No                         ; 1.09 V                      ; 1.12e-07 V                  ; 1.1 V              ; -0.0175 V          ; 0.055 V                             ; 0.073 V                             ; 6.35e-10 s                 ; 4.59e-10 s                 ; No                        ; No                        ;
; o_Seg_E ; 1.2 V        ; 0 s                 ; 0 s                 ; 1.09 V                       ; 1.26e-07 V                   ; 1.12 V              ; -0.0464 V           ; 0.081 V                              ; 0.112 V                              ; 6.59e-10 s                  ; 4.71e-10 s                  ; No                         ; No                         ; 1.09 V                      ; 1.26e-07 V                  ; 1.12 V             ; -0.0464 V          ; 0.081 V                             ; 0.112 V                             ; 6.59e-10 s                 ; 4.71e-10 s                 ; No                        ; No                        ;
; o_Seg_F ; 1.2 V        ; 0 s                 ; 0 s                 ; 1.09 V                       ; 1.12e-07 V                   ; 1.1 V               ; -0.0175 V           ; 0.055 V                              ; 0.073 V                              ; 6.35e-10 s                  ; 4.59e-10 s                  ; No                         ; No                         ; 1.09 V                      ; 1.12e-07 V                  ; 1.1 V              ; -0.0175 V          ; 0.055 V                             ; 0.073 V                             ; 6.35e-10 s                 ; 4.59e-10 s                 ; No                        ; No                        ;
; o_Seg_G ; 1.2 V        ; 0 s                 ; 0 s                 ; 1.09 V                       ; 1.26e-07 V                   ; 1.12 V              ; -0.0464 V           ; 0.081 V                              ; 0.112 V                              ; 6.59e-10 s                  ; 4.71e-10 s                  ; No                         ; No                         ; 1.09 V                      ; 1.26e-07 V                  ; 1.12 V             ; -0.0464 V          ; 0.081 V                             ; 0.112 V                             ; 6.59e-10 s                 ; 4.71e-10 s                 ; No                        ; No                        ;
+---------+--------------+---------------------+---------------------+------------------------------+------------------------------+---------------------+---------------------+--------------------------------------+--------------------------------------+-----------------------------+-----------------------------+----------------------------+----------------------------+-----------------------------+-----------------------------+--------------------+--------------------+-------------------------------------+-------------------------------------+----------------------------+----------------------------+---------------------------+---------------------------+


+--------------------------------------------------------------------------------------------------------------------------------------------------------------------------------------------------------------------------------------------------------------------------------------------------------------------------------------------------------------------------------------------------------------------------------------------------------------------------------------------------------------------------------------------------------------------------------------------------------------------------------------------------------------------------------------+
; Signal Integrity Metrics (Slow 1100mv 85c Model)                                                                                                                                                                                                                                                                                                                                                                                                                                                                                                                                                                                                                                     ;
+---------+--------------+---------------------+---------------------+------------------------------+------------------------------+---------------------+---------------------+--------------------------------------+--------------------------------------+-----------------------------+-----------------------------+----------------------------+----------------------------+-----------------------------+-----------------------------+--------------------+--------------------+-------------------------------------+-------------------------------------+----------------------------+----------------------------+---------------------------+---------------------------+
; Pin     ; I/O Standard ; Board Delay on Rise ; Board Delay on Fall ; Steady State Voh at FPGA Pin ; Steady State Vol at FPGA Pin ; Voh Max at FPGA Pin ; Vol Min at FPGA Pin ; Ringback Voltage on Rise at FPGA Pin ; Ringback Voltage on Fall at FPGA Pin ; 10-90 Rise Time at FPGA Pin ; 90-10 Fall Time at FPGA Pin ; Monotonic Rise at FPGA Pin ; Monotonic Fall at FPGA Pin ; Steady State Voh at Far-end ; Steady State Vol at Far-end ; Voh Max at Far-end ; Vol Min at Far-end ; Ringback Voltage on Rise at Far-end ; Ringback Voltage on Fall at Far-end ; 10-90 Rise Time at Far-end ; 90-10 Fall Time at Far-end ; Monotonic Rise at Far-end ; Monotonic Fall at Far-end ;
+---------+--------------+---------------------+---------------------+------------------------------+------------------------------+---------------------+---------------------+--------------------------------------+--------------------------------------+-----------------------------+-----------------------------+----------------------------+----------------------------+-----------------------------+-----------------------------+--------------------+--------------------+-------------------------------------+-------------------------------------+----------------------------+----------------------------+---------------------------+---------------------------+
; o_Seg_A ; 1.2 V        ; 0 s                 ; 0 s                 ; 1.09 V                       ; 1.76e-05 V                   ; 1.11 V              ; -0.0281 V           ; 0.09 V                               ; 0.14 V                               ; 6.73e-10 s                  ; 5.04e-10 s                  ; No                         ; No                         ; 1.09 V                      ; 1.76e-05 V                  ; 1.11 V             ; -0.0281 V          ; 0.09 V                              ; 0.14 V                              ; 6.73e-10 s                 ; 5.04e-10 s                 ; No                        ; No                        ;
; o_Seg_B ; 1.2 V        ; 0 s                 ; 0 s                 ; 1.09 V                       ; 1.76e-05 V                   ; 1.11 V              ; -0.0281 V           ; 0.09 V                               ; 0.14 V                               ; 6.73e-10 s                  ; 5.04e-10 s                  ; No                         ; No                         ; 1.09 V                      ; 1.76e-05 V                  ; 1.11 V             ; -0.0281 V          ; 0.09 V                              ; 0.14 V                              ; 6.73e-10 s                 ; 5.04e-10 s                 ; No                        ; No                        ;
; o_Seg_C ; 1.2 V        ; 0 s                 ; 0 s                 ; 1.09 V                       ; 1.61e-05 V                   ; 1.09 V              ; -0.0084 V           ; 0.066 V                              ; 0.108 V                              ; 6.59e-10 s                  ; 5.03e-10 s                  ; Yes                        ; Yes                        ; 1.09 V                      ; 1.61e-05 V                  ; 1.09 V             ; -0.0084 V          ; 0.066 V                             ; 0.108 V                             ; 6.59e-10 s                 ; 5.03e-10 s                 ; Yes                       ; Yes                       ;
; o_Seg_D ; 1.2 V        ; 0 s                 ; 0 s                 ; 1.09 V                       ; 1.61e-05 V                   ; 1.09 V              ; -0.0084 V           ; 0.066 V                              ; 0.108 V                              ; 6.59e-10 s                  ; 5.03e-10 s                  ; Yes                        ; Yes                        ; 1.09 V                      ; 1.61e-05 V                  ; 1.09 V             ; -0.0084 V          ; 0.066 V                             ; 0.108 V                             ; 6.59e-10 s                 ; 5.03e-10 s                 ; Yes                       ; Yes                       ;
; o_Seg_E ; 1.2 V        ; 0 s                 ; 0 s                 ; 1.09 V                       ; 1.76e-05 V                   ; 1.11 V              ; -0.0281 V           ; 0.09 V                               ; 0.14 V                               ; 6.73e-10 s                  ; 5.04e-10 s                  ; No                         ; No                         ; 1.09 V                      ; 1.76e-05 V                  ; 1.11 V             ; -0.0281 V          ; 0.09 V                              ; 0.14 V                              ; 6.73e-10 s                 ; 5.04e-10 s                 ; No                        ; No                        ;
; o_Seg_F ; 1.2 V        ; 0 s                 ; 0 s                 ; 1.09 V                       ; 1.61e-05 V                   ; 1.09 V              ; -0.0084 V           ; 0.066 V                              ; 0.108 V                              ; 6.59e-10 s                  ; 5.03e-10 s                  ; Yes                        ; Yes                        ; 1.09 V                      ; 1.61e-05 V                  ; 1.09 V             ; -0.0084 V          ; 0.066 V                             ; 0.108 V                             ; 6.59e-10 s                 ; 5.03e-10 s                 ; Yes                       ; Yes                       ;
; o_Seg_G ; 1.2 V        ; 0 s                 ; 0 s                 ; 1.09 V                       ; 1.76e-05 V                   ; 1.11 V              ; -0.0281 V           ; 0.09 V                               ; 0.14 V                               ; 6.73e-10 s                  ; 5.04e-10 s                  ; No                         ; No                         ; 1.09 V                      ; 1.76e-05 V                  ; 1.11 V             ; -0.0281 V          ; 0.09 V                              ; 0.14 V                              ; 6.73e-10 s                 ; 5.04e-10 s                 ; No                        ; No                        ;
+---------+--------------+---------------------+---------------------+------------------------------+------------------------------+---------------------+---------------------+--------------------------------------+--------------------------------------+-----------------------------+-----------------------------+----------------------------+----------------------------+-----------------------------+-----------------------------+--------------------+--------------------+-------------------------------------+-------------------------------------+----------------------------+----------------------------+---------------------------+---------------------------+


+--------------------------------------------------------------------------------------------------------------------------------------------------------------------------------------------------------------------------------------------------------------------------------------------------------------------------------------------------------------------------------------------------------------------------------------------------------------------------------------------------------------------------------------------------------------------------------------------------------------------------------------------------------------------------------------+
; Signal Integrity Metrics (Fast 1100mv 0c Model)                                                                                                                                                                                                                                                                                                                                                                                                                                                                                                                                                                                                                                      ;
+---------+--------------+---------------------+---------------------+------------------------------+------------------------------+---------------------+---------------------+--------------------------------------+--------------------------------------+-----------------------------+-----------------------------+----------------------------+----------------------------+-----------------------------+-----------------------------+--------------------+--------------------+-------------------------------------+-------------------------------------+----------------------------+----------------------------+---------------------------+---------------------------+
; Pin     ; I/O Standard ; Board Delay on Rise ; Board Delay on Fall ; Steady State Voh at FPGA Pin ; Steady State Vol at FPGA Pin ; Voh Max at FPGA Pin ; Vol Min at FPGA Pin ; Ringback Voltage on Rise at FPGA Pin ; Ringback Voltage on Fall at FPGA Pin ; 10-90 Rise Time at FPGA Pin ; 90-10 Fall Time at FPGA Pin ; Monotonic Rise at FPGA Pin ; Monotonic Fall at FPGA Pin ; Steady State Voh at Far-end ; Steady State Vol at Far-end ; Voh Max at Far-end ; Vol Min at Far-end ; Ringback Voltage on Rise at Far-end ; Ringback Voltage on Fall at Far-end ; 10-90 Rise Time at Far-end ; 90-10 Fall Time at Far-end ; Monotonic Rise at Far-end ; Monotonic Fall at Far-end ;
+---------+--------------+---------------------+---------------------+------------------------------+------------------------------+---------------------+---------------------+--------------------------------------+--------------------------------------+-----------------------------+-----------------------------+----------------------------+----------------------------+-----------------------------+-----------------------------+--------------------+--------------------+-------------------------------------+-------------------------------------+----------------------------+----------------------------+---------------------------+---------------------------+
; o_Seg_A ; 1.2 V        ; 0 s                 ; 0 s                 ; 1.32 V                       ; 2.04e-06 V                   ; 1.41 V              ; -0.082 V            ; 0.189 V                              ; 0.214 V                              ; 2.71e-10 s                  ; 2.9e-10 s                   ; No                         ; No                         ; 1.32 V                      ; 2.04e-06 V                  ; 1.41 V             ; -0.082 V           ; 0.189 V                             ; 0.214 V                             ; 2.71e-10 s                 ; 2.9e-10 s                  ; No                        ; No                        ;
; o_Seg_B ; 1.2 V        ; 0 s                 ; 0 s                 ; 1.32 V                       ; 2.04e-06 V                   ; 1.41 V              ; -0.082 V            ; 0.189 V                              ; 0.214 V                              ; 2.71e-10 s                  ; 2.9e-10 s                   ; No                         ; No                         ; 1.32 V                      ; 2.04e-06 V                  ; 1.41 V             ; -0.082 V           ; 0.189 V                             ; 0.214 V                             ; 2.71e-10 s                 ; 2.9e-10 s                  ; No                        ; No                        ;
; o_Seg_C ; 1.2 V        ; 0 s                 ; 0 s                 ; 1.32 V                       ; 1.78e-06 V                   ; 1.36 V              ; -0.0397 V           ; 0.144 V                              ; 0.155 V                              ; 2.76e-10 s                  ; 2.9e-10 s                   ; No                         ; No                         ; 1.32 V                      ; 1.78e-06 V                  ; 1.36 V             ; -0.0397 V          ; 0.144 V                             ; 0.155 V                             ; 2.76e-10 s                 ; 2.9e-10 s                  ; No                        ; No                        ;
; o_Seg_D ; 1.2 V        ; 0 s                 ; 0 s                 ; 1.32 V                       ; 1.78e-06 V                   ; 1.36 V              ; -0.0397 V           ; 0.144 V                              ; 0.155 V                              ; 2.76e-10 s                  ; 2.9e-10 s                   ; No                         ; No                         ; 1.32 V                      ; 1.78e-06 V                  ; 1.36 V             ; -0.0397 V          ; 0.144 V                             ; 0.155 V                             ; 2.76e-10 s                 ; 2.9e-10 s                  ; No                        ; No                        ;
; o_Seg_E ; 1.2 V        ; 0 s                 ; 0 s                 ; 1.32 V                       ; 2.04e-06 V                   ; 1.41 V              ; -0.082 V            ; 0.189 V                              ; 0.214 V                              ; 2.71e-10 s                  ; 2.9e-10 s                   ; No                         ; No                         ; 1.32 V                      ; 2.04e-06 V                  ; 1.41 V             ; -0.082 V           ; 0.189 V                             ; 0.214 V                             ; 2.71e-10 s                 ; 2.9e-10 s                  ; No                        ; No                        ;
; o_Seg_F ; 1.2 V        ; 0 s                 ; 0 s                 ; 1.32 V                       ; 1.78e-06 V                   ; 1.36 V              ; -0.0397 V           ; 0.144 V                              ; 0.155 V                              ; 2.76e-10 s                  ; 2.9e-10 s                   ; No                         ; No                         ; 1.32 V                      ; 1.78e-06 V                  ; 1.36 V             ; -0.0397 V          ; 0.144 V                             ; 0.155 V                             ; 2.76e-10 s                 ; 2.9e-10 s                  ; No                        ; No                        ;
; o_Seg_G ; 1.2 V        ; 0 s                 ; 0 s                 ; 1.32 V                       ; 2.04e-06 V                   ; 1.41 V              ; -0.082 V            ; 0.189 V                              ; 0.214 V                              ; 2.71e-10 s                  ; 2.9e-10 s                   ; No                         ; No                         ; 1.32 V                      ; 2.04e-06 V                  ; 1.41 V             ; -0.082 V           ; 0.189 V                             ; 0.214 V                             ; 2.71e-10 s                 ; 2.9e-10 s                  ; No                        ; No                        ;
+---------+--------------+---------------------+---------------------+------------------------------+------------------------------+---------------------+---------------------+--------------------------------------+--------------------------------------+-----------------------------+-----------------------------+----------------------------+----------------------------+-----------------------------+-----------------------------+--------------------+--------------------+-------------------------------------+-------------------------------------+----------------------------+----------------------------+---------------------------+---------------------------+


+--------------------------------------------------------------------------------------------------------------------------------------------------------------------------------------------------------------------------------------------------------------------------------------------------------------------------------------------------------------------------------------------------------------------------------------------------------------------------------------------------------------------------------------------------------------------------------------------------------------------------------------------------------------------------------------+
; Signal Integrity Metrics (Fast 1100mv 85c Model)                                                                                                                                                                                                                                                                                                                                                                                                                                                                                                                                                                                                                                     ;
+---------+--------------+---------------------+---------------------+------------------------------+------------------------------+---------------------+---------------------+--------------------------------------+--------------------------------------+-----------------------------+-----------------------------+----------------------------+----------------------------+-----------------------------+-----------------------------+--------------------+--------------------+-------------------------------------+-------------------------------------+----------------------------+----------------------------+---------------------------+---------------------------+
; Pin     ; I/O Standard ; Board Delay on Rise ; Board Delay on Fall ; Steady State Voh at FPGA Pin ; Steady State Vol at FPGA Pin ; Voh Max at FPGA Pin ; Vol Min at FPGA Pin ; Ringback Voltage on Rise at FPGA Pin ; Ringback Voltage on Fall at FPGA Pin ; 10-90 Rise Time at FPGA Pin ; 90-10 Fall Time at FPGA Pin ; Monotonic Rise at FPGA Pin ; Monotonic Fall at FPGA Pin ; Steady State Voh at Far-end ; Steady State Vol at Far-end ; Voh Max at Far-end ; Vol Min at Far-end ; Ringback Voltage on Rise at Far-end ; Ringback Voltage on Fall at Far-end ; 10-90 Rise Time at Far-end ; 90-10 Fall Time at Far-end ; Monotonic Rise at Far-end ; Monotonic Fall at Far-end ;
+---------+--------------+---------------------+---------------------+------------------------------+------------------------------+---------------------+---------------------+--------------------------------------+--------------------------------------+-----------------------------+-----------------------------+----------------------------+----------------------------+-----------------------------+-----------------------------+--------------------+--------------------+-------------------------------------+-------------------------------------+----------------------------+----------------------------+---------------------------+---------------------------+
; o_Seg_A ; 1.2 V        ; 0 s                 ; 0 s                 ; 1.32 V                       ; 0.000148 V                   ; 1.39 V              ; -0.0478 V           ; 0.214 V                              ; 0.125 V                              ; 2.99e-10 s                  ; 4.71e-10 s                  ; No                         ; No                         ; 1.32 V                      ; 0.000148 V                  ; 1.39 V             ; -0.0478 V          ; 0.214 V                             ; 0.125 V                             ; 2.99e-10 s                 ; 4.71e-10 s                 ; No                        ; No                        ;
; o_Seg_B ; 1.2 V        ; 0 s                 ; 0 s                 ; 1.32 V                       ; 0.000148 V                   ; 1.39 V              ; -0.0478 V           ; 0.214 V                              ; 0.125 V                              ; 2.99e-10 s                  ; 4.71e-10 s                  ; No                         ; No                         ; 1.32 V                      ; 0.000148 V                  ; 1.39 V             ; -0.0478 V          ; 0.214 V                             ; 0.125 V                             ; 2.99e-10 s                 ; 4.71e-10 s                 ; No                        ; No                        ;
; o_Seg_C ; 1.2 V        ; 0 s                 ; 0 s                 ; 1.32 V                       ; 0.000132 V                   ; 1.35 V              ; -0.0188 V           ; 0.072 V                              ; 0.082 V                              ; 4.35e-10 s                  ; 4.57e-10 s                  ; No                         ; No                         ; 1.32 V                      ; 0.000132 V                  ; 1.35 V             ; -0.0188 V          ; 0.072 V                             ; 0.082 V                             ; 4.35e-10 s                 ; 4.57e-10 s                 ; No                        ; No                        ;
; o_Seg_D ; 1.2 V        ; 0 s                 ; 0 s                 ; 1.32 V                       ; 0.000132 V                   ; 1.35 V              ; -0.0188 V           ; 0.072 V                              ; 0.082 V                              ; 4.35e-10 s                  ; 4.57e-10 s                  ; No                         ; No                         ; 1.32 V                      ; 0.000132 V                  ; 1.35 V             ; -0.0188 V          ; 0.072 V                             ; 0.082 V                             ; 4.35e-10 s                 ; 4.57e-10 s                 ; No                        ; No                        ;
; o_Seg_E ; 1.2 V        ; 0 s                 ; 0 s                 ; 1.32 V                       ; 0.000148 V                   ; 1.39 V              ; -0.0478 V           ; 0.214 V                              ; 0.125 V                              ; 2.99e-10 s                  ; 4.71e-10 s                  ; No                         ; No                         ; 1.32 V                      ; 0.000148 V                  ; 1.39 V             ; -0.0478 V          ; 0.214 V                             ; 0.125 V                             ; 2.99e-10 s                 ; 4.71e-10 s                 ; No                        ; No                        ;
; o_Seg_F ; 1.2 V        ; 0 s                 ; 0 s                 ; 1.32 V                       ; 0.000132 V                   ; 1.35 V              ; -0.0188 V           ; 0.072 V                              ; 0.082 V                              ; 4.35e-10 s                  ; 4.57e-10 s                  ; No                         ; No                         ; 1.32 V                      ; 0.000132 V                  ; 1.35 V             ; -0.0188 V          ; 0.072 V                             ; 0.082 V                             ; 4.35e-10 s                 ; 4.57e-10 s                 ; No                        ; No                        ;
; o_Seg_G ; 1.2 V        ; 0 s                 ; 0 s                 ; 1.32 V                       ; 0.000148 V                   ; 1.39 V              ; -0.0478 V           ; 0.214 V                              ; 0.125 V                              ; 2.99e-10 s                  ; 4.71e-10 s                  ; No                         ; No                         ; 1.32 V                      ; 0.000148 V                  ; 1.39 V             ; -0.0478 V          ; 0.214 V                             ; 0.125 V                             ; 2.99e-10 s                 ; 4.71e-10 s                 ; No                        ; No                        ;
+---------+--------------+---------------------+---------------------+------------------------------+------------------------------+---------------------+---------------------+--------------------------------------+--------------------------------------+-----------------------------+-----------------------------+----------------------------+----------------------------+-----------------------------+-----------------------------+--------------------+--------------------+-------------------------------------+-------------------------------------+----------------------------+----------------------------+---------------------------+---------------------------+


+-------------------------------------------------------------------+
; Setup Transfers                                                   ;
+------------+----------+----------+----------+----------+----------+
; From Clock ; To Clock ; RR Paths ; FR Paths ; RF Paths ; FF Paths ;
+------------+----------+----------+----------+----------+----------+
; clk        ; clk      ; 1181     ; 0        ; 0        ; 0        ;
+------------+----------+----------+----------+----------+----------+
Entries labeled "false path" only account for clock-to-clock false paths and not path-based false paths. As a result, actual path counts may be lower than reported.


+-------------------------------------------------------------------+
; Hold Transfers                                                    ;
+------------+----------+----------+----------+----------+----------+
; From Clock ; To Clock ; RR Paths ; FR Paths ; RF Paths ; FF Paths ;
+------------+----------+----------+----------+----------+----------+
; clk        ; clk      ; 1181     ; 0        ; 0        ; 0        ;
+------------+----------+----------+----------+----------+----------+
Entries labeled "false path" only account for clock-to-clock false paths and not path-based false paths. As a result, actual path counts may be lower than reported.


+-------------------------------------------------------------------+
; Recovery Transfers                                                ;
+------------+----------+----------+----------+----------+----------+
; From Clock ; To Clock ; RR Paths ; FR Paths ; RF Paths ; FF Paths ;
+------------+----------+----------+----------+----------+----------+
; clk        ; clk      ; 35       ; 0        ; 0        ; 0        ;
+------------+----------+----------+----------+----------+----------+
Entries labeled "false path" only account for clock-to-clock false paths and not path-based false paths. As a result, actual path counts may be lower than reported.


+-------------------------------------------------------------------+
; Removal Transfers                                                 ;
+------------+----------+----------+----------+----------+----------+
; From Clock ; To Clock ; RR Paths ; FR Paths ; RF Paths ; FF Paths ;
+------------+----------+----------+----------+----------+----------+
; clk        ; clk      ; 35       ; 0        ; 0        ; 0        ;
+------------+----------+----------+----------+----------+----------+
Entries labeled "false path" only account for clock-to-clock false paths and not path-based false paths. As a result, actual path counts may be lower than reported.


---------------
; Report TCCS ;
---------------
No dedicated SERDES Transmitter circuitry present in device or used in design


---------------
; Report RSKM ;
---------------
No non-DPA dedicated SERDES Receiver circuitry present in device or used in design


+------------------------------------------------+
; Unconstrained Paths Summary                    ;
+---------------------------------+-------+------+
; Property                        ; Setup ; Hold ;
+---------------------------------+-------+------+
; Illegal Clocks                  ; 0     ; 0    ;
; Unconstrained Clocks            ; 0     ; 0    ;
; Unconstrained Input Ports       ; 0     ; 0    ;
; Unconstrained Input Port Paths  ; 0     ; 0    ;
; Unconstrained Output Ports      ; 0     ; 0    ;
; Unconstrained Output Port Paths ; 0     ; 0    ;
+---------------------------------+-------+------+


+-------------------------------------+
; Clock Status Summary                ;
+--------+-------+------+-------------+
; Target ; Clock ; Type ; Status      ;
+--------+-------+------+-------------+
; i_clk  ; clk   ; Base ; Constrained ;
+--------+-------+------+-------------+


+--------------------------+
; Timing Analyzer Messages ;
+--------------------------+
Info: *******************************************************************
Info: Running Quartus Prime Timing Analyzer
    Info: Version 24.1std.0 Build 1077 03/04/2025 SC Lite Edition
    Info: Processing started: Thu Jun 26 00:44:43 2025
Info: Command: quartus_sta SevenSeg_v -c SevenSeg_v
Info: qsta_default_script.tcl version: #1
Warning (18236): Number of processors has not been specified which may cause overloading on shared machines.  Set the global assignment NUM_PARALLEL_PROCESSORS in your QSF to an appropriate value for best performance.
Info (20030): Parallel compilation is enabled and will use 16 of the 16 processors detected
Info (21077): Low junction temperature is 0 degrees C
Info (21077): High junction temperature is 85 degrees C
Info (332104): Reading SDC File: 'sdc.sdc'
Info (332143): No user constrained clock uncertainty found in the design. Calling "derive_clock_uncertainty"
Info (332123): Deriving Clock Uncertainty. Please refer to report_sdc in the Timing Analyzer to see clock uncertainties.
Info: Found TIMING_ANALYZER_REPORT_SCRIPT_INCLUDE_DEFAULT_ANALYSIS = ON
Info: Analyzing Slow 1100mV 85C Model
Info (332146): Worst-case setup slack is 6.956
    Info (332119):     Slack       End Point TNS Clock 
    Info (332119): ========= =================== =====================
    Info (332119):     6.956               0.000 clk 
Info (332146): Worst-case hold slack is 0.408
    Info (332119):     Slack       End Point TNS Clock 
    Info (332119): ========= =================== =====================
    Info (332119):     0.408               0.000 clk 
Info (332146): Worst-case recovery slack is 11.781
    Info (332119):     Slack       End Point TNS Clock 
    Info (332119): ========= =================== =====================
    Info (332119):    11.781               0.000 clk 
Info (332146): Worst-case removal slack is 6.316
    Info (332119):     Slack       End Point TNS Clock 
    Info (332119): ========= =================== =====================
    Info (332119):     6.316               0.000 clk 
Info (332146): Worst-case minimum pulse width slack is 9.236
    Info (332119):     Slack       End Point TNS Clock 
    Info (332119): ========= =================== =====================
    Info (332119):     9.236               0.000 clk 
Info: Analyzing Slow 1100mV 0C Model
Info (334003): Started post-fitting delay annotation
Info (334004): Delay annotation completed successfully
Info (332123): Deriving Clock Uncertainty. Please refer to report_sdc in the Timing Analyzer to see clock uncertainties.
Info (332146): Worst-case setup slack is 6.946
    Info (332119):     Slack       End Point TNS Clock 
    Info (332119): ========= =================== =====================
    Info (332119):     6.946               0.000 clk 
Info (332146): Worst-case hold slack is 0.387
    Info (332119):     Slack       End Point TNS Clock 
    Info (332119): ========= =================== =====================
    Info (332119):     0.387               0.000 clk 
Info (332146): Worst-case recovery slack is 8.265
    Info (332119):     Slack       End Point TNS Clock 
    Info (332119): ========= =================== =====================
    Info (332119):     8.265               0.000 clk 
Info (332146): Worst-case removal slack is 9.532
    Info (332119):     Slack       End Point TNS Clock 
    Info (332119): ========= =================== =====================
    Info (332119):     9.532               0.000 clk 
Info (332146): Worst-case minimum pulse width slack is 9.264
    Info (332119):     Slack       End Point TNS Clock 
    Info (332119): ========= =================== =====================
    Info (332119):     9.264               0.000 clk 
Info: Analyzing Fast 1100mV 85C Model
Info (334003): Started post-fitting delay annotation
Info (334004): Delay annotation completed successfully
Info (332123): Deriving Clock Uncertainty. Please refer to report_sdc in the Timing Analyzer to see clock uncertainties.
Info (332146): Worst-case setup slack is 10.938
    Info (332119):     Slack       End Point TNS Clock 
    Info (332119): ========= =================== =====================
    Info (332119):    10.938               0.000 clk 
Info (332146): Worst-case hold slack is 0.179
    Info (332119):     Slack       End Point TNS Clock 
    Info (332119): ========= =================== =====================
    Info (332119):     0.179               0.000 clk 
Info (332146): Worst-case recovery slack is 10.895
    Info (332119):     Slack       End Point TNS Clock 
    Info (332119): ========= =================== =====================
    Info (332119):    10.895               0.000 clk 
Info (332146): Worst-case removal slack is 7.776
    Info (332119):     Slack       End Point TNS Clock 
    Info (332119): ========= =================== =====================
    Info (332119):     7.776               0.000 clk 
Info (332146): Worst-case minimum pulse width slack is 9.069
    Info (332119):     Slack       End Point TNS Clock 
    Info (332119): ========= =================== =====================
    Info (332119):     9.069               0.000 clk 
Info: Analyzing Fast 1100mV 0C Model
Info (332123): Deriving Clock Uncertainty. Please refer to report_sdc in the Timing Analyzer to see clock uncertainties.
Info (332146): Worst-case setup slack is 11.145
    Info (332119):     Slack       End Point TNS Clock 
    Info (332119): ========= =================== =====================
    Info (332119):    11.145               0.000 clk 
Info (332146): Worst-case hold slack is 0.171
    Info (332119):     Slack       End Point TNS Clock 
    Info (332119): ========= =================== =====================
    Info (332119):     0.171               0.000 clk 
Info (332146): Worst-case recovery slack is 12.875
    Info (332119):     Slack       End Point TNS Clock 
    Info (332119): ========= =================== =====================
    Info (332119):    12.875               0.000 clk 
Info (332146): Worst-case removal slack is 6.060
    Info (332119):     Slack       End Point TNS Clock 
    Info (332119): ========= =================== =====================
    Info (332119):     6.060               0.000 clk 
Info (332146): Worst-case minimum pulse width slack is 9.024
    Info (332119):     Slack       End Point TNS Clock 
    Info (332119): ========= =================== =====================
    Info (332119):     9.024               0.000 clk 
Info (332101): Design is fully constrained for setup requirements
Info (332101): Design is fully constrained for hold requirements
Info: Quartus Prime Timing Analyzer was successful. 0 errors, 1 warning
    Info: Peak virtual memory: 5558 megabytes
    Info: Processing ended: Thu Jun 26 00:44:47 2025
    Info: Elapsed time: 00:00:04
    Info: Total CPU time (on all processors): 00:00:04


