Analysis & Synthesis report for QuadCounter_v
Tue Jul  1 00:23:19 2025
Quartus Prime Version 24.1std.0 Build 1077 03/04/2025 SC Lite Edition


---------------------
; Table of Contents ;
---------------------
  1. Legal Notice
  2. Analysis & Synthesis Summary
  3. Analysis & Synthesis Settings
  4. Parallel Compilation
  5. Analysis & Synthesis Source Files Read
  6. Analysis & Synthesis Resource Usage Summary
  7. Analysis & Synthesis Resource Utilization by Entity
  8. General Register Statistics
  9. Parameter Settings for User Entity Instance: Top-level Entity: |Top
 10. Parameter Settings for User Entity Instance: EnableGen:u_EnableGen
 11. Parameter Settings for User Entity Instance: EnableGen:u_EnableGen_update
 12. Port Connectivity Checks: "BCD_counter:u_BCD_counter"
 13. Port Connectivity Checks: "EnableGen:u_EnableGen_update"
 14. Post-Synthesis Netlist Statistics for Top Partition
 15. Elapsed Time Per Partition
 16. Analysis & Synthesis Messages



----------------
; Legal Notice ;
----------------
Copyright (C) 2025  Altera Corporation. All rights reserved.
Your use of Altera Corporation's design tools, logic functions 
and other software and tools, and any partner logic 
functions, and any output files from any of the foregoing 
(including device programming or simulation files), and any 
associated documentation or information are expressly subject 
to the terms and conditions of the Altera Program License 
Subscription Agreement, the Altera Quartus Prime License Agreement,
the Altera IP License Agreement, or other applicable license
agreement, including, without limitation, that your use is for
the sole purpose of programming logic devices manufactured by
Altera and sold by Altera or its authorized distributors.  Please
refer to the Altera Software License Subscription Agreements 
on the Quartus Prime software download page.



+-----------------------------------------------------------------------------------+
; Analysis & Synthesis Summary                                                      ;
+---------------------------------+-------------------------------------------------+
; Analysis & Synthesis Status     ; Successful - Tue Jul  1 00:23:19 2025           ;
; Quartus Prime Version           ; 24.1std.0 Build 1077 03/04/2025 SC Lite Edition ;
; Revision Name                   ; QuadCounter_v                                   ;
; Top-level Entity Name           ; Top                                             ;
; Family                          ; Cyclone V                                       ;
; Logic utilization (in ALMs)     ; N/A                                             ;
; Total registers                 ; 0                                               ;
; Total pins                      ; 30                                              ;
; Total virtual pins              ; 0                                               ;
; Total block memory bits         ; 0                                               ;
; Total DSP Blocks                ; 0                                               ;
; Total HSSI RX PCSs              ; 0                                               ;
; Total HSSI PMA RX Deserializers ; 0                                               ;
; Total HSSI TX PCSs              ; 0                                               ;
; Total HSSI PMA TX Serializers   ; 0                                               ;
; Total PLLs                      ; 0                                               ;
; Total DLLs                      ; 0                                               ;
+---------------------------------+-------------------------------------------------+


+---------------------------------------------------------------------------------------------------------------------------+
; Analysis & Synthesis Settings                                                                                             ;
+---------------------------------------------------------------------------------+--------------------+--------------------+
; Option                                                                          ; Setting            ; Default Value      ;
+---------------------------------------------------------------------------------+--------------------+--------------------+
; Device                                                                          ; 5CGXFC5C6F27C7     ;                    ;
; Top-level entity name                                                           ; Top                ; QuadCounter_v      ;
; Family name                                                                     ; Cyclone V          ; Cyclone V          ;
; Use smart compilation                                                           ; Off                ; Off                ;
; Enable parallel Assembler and Timing Analyzer during compilation                ; On                 ; On                 ;
; Enable compact report table                                                     ; Off                ; Off                ;
; Restructure Multiplexers                                                        ; Auto               ; Auto               ;
; MLAB Add Timing Constraints For Mixed-Port Feed-Through Mode Setting Don't Care ; Off                ; Off                ;
; Create Debugging Nodes for IP Cores                                             ; Off                ; Off                ;
; Preserve fewer node names                                                       ; On                 ; On                 ;
; Intel FPGA IP Evaluation Mode                                                   ; Enable             ; Enable             ;
; Verilog Version                                                                 ; Verilog_2001       ; Verilog_2001       ;
; VHDL Version                                                                    ; VHDL_1993          ; VHDL_1993          ;
; State Machine Processing                                                        ; Auto               ; Auto               ;
; Safe State Machine                                                              ; Off                ; Off                ;
; Extract Verilog State Machines                                                  ; On                 ; On                 ;
; Extract VHDL State Machines                                                     ; On                 ; On                 ;
; Ignore Verilog initial constructs                                               ; Off                ; Off                ;
; Iteration limit for constant Verilog loops                                      ; 5000               ; 5000               ;
; Iteration limit for non-constant Verilog loops                                  ; 250                ; 250                ;
; Add Pass-Through Logic to Inferred RAMs                                         ; On                 ; On                 ;
; Infer RAMs from Raw Logic                                                       ; On                 ; On                 ;
; Parallel Synthesis                                                              ; On                 ; On                 ;
; DSP Block Balancing                                                             ; Auto               ; Auto               ;
; NOT Gate Push-Back                                                              ; On                 ; On                 ;
; Power-Up Don't Care                                                             ; On                 ; On                 ;
; Remove Redundant Logic Cells                                                    ; Off                ; Off                ;
; Remove Duplicate Registers                                                      ; On                 ; On                 ;
; Ignore CARRY Buffers                                                            ; Off                ; Off                ;
; Ignore CASCADE Buffers                                                          ; Off                ; Off                ;
; Ignore GLOBAL Buffers                                                           ; Off                ; Off                ;
; Ignore ROW GLOBAL Buffers                                                       ; Off                ; Off                ;
; Ignore LCELL Buffers                                                            ; Off                ; Off                ;
; Ignore SOFT Buffers                                                             ; On                 ; On                 ;
; Limit AHDL Integers to 32 Bits                                                  ; Off                ; Off                ;
; Optimization Technique                                                          ; Balanced           ; Balanced           ;
; Carry Chain Length                                                              ; 70                 ; 70                 ;
; Auto Carry Chains                                                               ; On                 ; On                 ;
; Auto Open-Drain Pins                                                            ; On                 ; On                 ;
; Perform WYSIWYG Primitive Resynthesis                                           ; Off                ; Off                ;
; Auto ROM Replacement                                                            ; On                 ; On                 ;
; Auto RAM Replacement                                                            ; On                 ; On                 ;
; Auto DSP Block Replacement                                                      ; On                 ; On                 ;
; Auto Shift Register Replacement                                                 ; Auto               ; Auto               ;
; Allow Shift Register Merging across Hierarchies                                 ; Auto               ; Auto               ;
; Auto Clock Enable Replacement                                                   ; On                 ; On                 ;
; Strict RAM Replacement                                                          ; Off                ; Off                ;
; Allow Synchronous Control Signals                                               ; On                 ; On                 ;
; Force Use of Synchronous Clear Signals                                          ; Off                ; Off                ;
; Auto Resource Sharing                                                           ; Off                ; Off                ;
; Allow Any RAM Size For Recognition                                              ; Off                ; Off                ;
; Allow Any ROM Size For Recognition                                              ; Off                ; Off                ;
; Allow Any Shift Register Size For Recognition                                   ; Off                ; Off                ;
; Use LogicLock Constraints during Resource Balancing                             ; On                 ; On                 ;
; Ignore translate_off and synthesis_off directives                               ; Off                ; Off                ;
; Timing-Driven Synthesis                                                         ; On                 ; On                 ;
; Report Parameter Settings                                                       ; On                 ; On                 ;
; Report Source Assignments                                                       ; On                 ; On                 ;
; Report Connectivity Checks                                                      ; On                 ; On                 ;
; Ignore Maximum Fan-Out Assignments                                              ; Off                ; Off                ;
; Synchronization Register Chain Length                                           ; 3                  ; 3                  ;
; Power Optimization During Synthesis                                             ; Normal compilation ; Normal compilation ;
; HDL message level                                                               ; Level2             ; Level2             ;
; Suppress Register Optimization Related Messages                                 ; Off                ; Off                ;
; Number of Removed Registers Reported in Synthesis Report                        ; 5000               ; 5000               ;
; Number of Swept Nodes Reported in Synthesis Report                              ; 5000               ; 5000               ;
; Number of Inverted Registers Reported in Synthesis Report                       ; 100                ; 100                ;
; Clock MUX Protection                                                            ; On                 ; On                 ;
; Auto Gated Clock Conversion                                                     ; Off                ; Off                ;
; Block Design Naming                                                             ; Auto               ; Auto               ;
; SDC constraint protection                                                       ; Off                ; Off                ;
; Synthesis Effort                                                                ; Auto               ; Auto               ;
; Shift Register Replacement - Allow Asynchronous Clear Signal                    ; On                 ; On                 ;
; Pre-Mapping Resynthesis Optimization                                            ; Off                ; Off                ;
; Analysis & Synthesis Message Level                                              ; Medium             ; Medium             ;
; Disable Register Merging Across Hierarchies                                     ; Auto               ; Auto               ;
; Resource Aware Inference For Block RAM                                          ; On                 ; On                 ;
; Automatic Parallel Synthesis                                                    ; On                 ; On                 ;
; Partial Reconfiguration Bitstream ID                                            ; Off                ; Off                ;
+---------------------------------------------------------------------------------+--------------------+--------------------+


+------------------------------------------+
; Parallel Compilation                     ;
+----------------------------+-------------+
; Processors                 ; Number      ;
+----------------------------+-------------+
; Number detected on machine ; 16          ;
; Maximum allowed            ; 16          ;
;                            ;             ;
; Average used               ; 1.00        ;
; Maximum used               ; 1           ;
;                            ;             ;
; Usage by Processor         ; % Time Used ;
;     Processor 1            ; 100.0%      ;
+----------------------------+-------------+


+----------------------------------------------------------------------------------------------------------------------------------------------------------------------------------+
; Analysis & Synthesis Source Files Read                                                                                                                                           ;
+----------------------------------+-----------------+------------------------------+------------------------------------------------------------------------------------+---------+
; File Name with User-Entered Path ; Used in Netlist ; File Type                    ; File Name with Absolute Path                                                       ; Library ;
+----------------------------------+-----------------+------------------------------+------------------------------------------------------------------------------------+---------+
; EnableGen.sv                     ; yes             ; User SystemVerilog HDL File  ; C:/Users/neilp/Documents/Projects_25/FPGA_STUFF/QuadCounter_verilog/EnableGen.sv   ;         ;
; Top.sv                           ; yes             ; User SystemVerilog HDL File  ; C:/Users/neilp/Documents/Projects_25/FPGA_STUFF/QuadCounter_verilog/Top.sv         ;         ;
; BCD_counter.sv                   ; yes             ; User SystemVerilog HDL File  ; C:/Users/neilp/Documents/Projects_25/FPGA_STUFF/QuadCounter_verilog/BCD_counter.sv ;         ;
+----------------------------------+-----------------+------------------------------+------------------------------------------------------------------------------------+---------+


+-----------------------------------------------------+
; Analysis & Synthesis Resource Usage Summary         ;
+---------------------------------------------+-------+
; Resource                                    ; Usage ;
+---------------------------------------------+-------+
; Estimate of Logic utilization (ALMs needed) ; 0     ;
;                                             ;       ;
; Combinational ALUT usage for logic          ; 0     ;
;     -- 7 input functions                    ; 0     ;
;     -- 6 input functions                    ; 0     ;
;     -- 5 input functions                    ; 0     ;
;     -- 4 input functions                    ; 0     ;
;     -- <=3 input functions                  ; 0     ;
;                                             ;       ;
; Dedicated logic registers                   ; 0     ;
;                                             ;       ;
; I/O pins                                    ; 30    ;
;                                             ;       ;
; Total DSP Blocks                            ; 0     ;
;                                             ;       ;
; Maximum fan-out node                        ; i_clk ;
; Maximum fan-out                             ; 1     ;
; Total fan-out                               ; 30    ;
; Average fan-out                             ; 0.50  ;
+---------------------------------------------+-------+


+----------------------------------------------------------------------------------------------------------------------------------------------------------------------------------------+
; Analysis & Synthesis Resource Utilization by Entity                                                                                                                                    ;
+----------------------------+---------------------+---------------------------+-------------------+------------+------+--------------+---------------------+-------------+--------------+
; Compilation Hierarchy Node ; Combinational ALUTs ; Dedicated Logic Registers ; Block Memory Bits ; DSP Blocks ; Pins ; Virtual Pins ; Full Hierarchy Name ; Entity Name ; Library Name ;
+----------------------------+---------------------+---------------------------+-------------------+------------+------+--------------+---------------------+-------------+--------------+
; |Top                       ; 0 (0)               ; 0 (0)                     ; 0                 ; 0          ; 30   ; 0            ; |Top                ; Top         ; work         ;
+----------------------------+---------------------+---------------------------+-------------------+------------+------+--------------+---------------------+-------------+--------------+
Note: For table entries with two numbers listed, the numbers in parentheses indicate the number of resources of the given type used by the specific entity alone. The numbers listed outside of parentheses indicate the total resources of the given type used by the specific entity and all of its sub-entities in the hierarchy.


+------------------------------------------------------+
; General Register Statistics                          ;
+----------------------------------------------+-------+
; Statistic                                    ; Value ;
+----------------------------------------------+-------+
; Total registers                              ; 0     ;
; Number of registers using Synchronous Clear  ; 0     ;
; Number of registers using Synchronous Load   ; 0     ;
; Number of registers using Asynchronous Clear ; 0     ;
; Number of registers using Asynchronous Load  ; 0     ;
; Number of registers using Clock Enable       ; 0     ;
; Number of registers using Preset             ; 0     ;
+----------------------------------------------+-------+


+---------------------------------------------------------------------+
; Parameter Settings for User Entity Instance: Top-level Entity: |Top ;
+----------------+---------+------------------------------------------+
; Parameter Name ; Value   ; Type                                     ;
+----------------+---------+------------------------------------------+
; DIVISOR        ; 5000000 ; Signed Integer                           ;
; DIVISOR_UPDATE ; 5000    ; Signed Integer                           ;
+----------------+---------+------------------------------------------+
Note: In order to hide this table in the UI and the text report file, please set the "Show Parameter Settings in Synthesis Report" option in "Analysis and Synthesis Settings -> More Settings" to "Off".


+--------------------------------------------------------------------+
; Parameter Settings for User Entity Instance: EnableGen:u_EnableGen ;
+----------------+---------+-----------------------------------------+
; Parameter Name ; Value   ; Type                                    ;
+----------------+---------+-----------------------------------------+
; DIVISOR        ; 5000000 ; Signed Integer                          ;
+----------------+---------+-----------------------------------------+
Note: In order to hide this table in the UI and the text report file, please set the "Show Parameter Settings in Synthesis Report" option in "Analysis and Synthesis Settings -> More Settings" to "Off".


+---------------------------------------------------------------------------+
; Parameter Settings for User Entity Instance: EnableGen:u_EnableGen_update ;
+----------------+-------+--------------------------------------------------+
; Parameter Name ; Value ; Type                                             ;
+----------------+-------+--------------------------------------------------+
; DIVISOR        ; 5000  ; Signed Integer                                   ;
+----------------+-------+--------------------------------------------------+
Note: In order to hide this table in the UI and the text report file, please set the "Show Parameter Settings in Synthesis Report" option in "Analysis and Synthesis Settings -> More Settings" to "Off".


+-------------------------------------------------------------------------------------------------------------------+
; Port Connectivity Checks: "BCD_counter:u_BCD_counter"                                                             ;
+---------+--------+----------+-------------------------------------------------------------------------------------+
; Port    ; Type   ; Severity ; Details                                                                             ;
+---------+--------+----------+-------------------------------------------------------------------------------------+
; bcd_out ; Output ; Info     ; Connected to dangling logic. Logic that only feeds a dangling port will be removed. ;
+---------+--------+----------+-------------------------------------------------------------------------------------+


+----------------------------------------------------------------------------------------------------------------+
; Port Connectivity Checks: "EnableGen:u_EnableGen_update"                                                       ;
+------+--------+----------+-------------------------------------------------------------------------------------+
; Port ; Type   ; Severity ; Details                                                                             ;
+------+--------+----------+-------------------------------------------------------------------------------------+
; en   ; Output ; Info     ; Connected to dangling logic. Logic that only feeds a dangling port will be removed. ;
+------+--------+----------+-------------------------------------------------------------------------------------+


+-----------------------------------------------------+
; Post-Synthesis Netlist Statistics for Top Partition ;
+-----------------------+-----------------------------+
; Type                  ; Count                       ;
+-----------------------+-----------------------------+
; arriav_lcell_comb     ; 1                           ;
;     normal            ; 1                           ;
;         0 data inputs ; 1                           ;
; boundary_port         ; 30                          ;
;                       ;                             ;
; Max LUT depth         ; 0.00                        ;
; Average LUT depth     ; 0.00                        ;
+-----------------------+-----------------------------+


+-------------------------------+
; Elapsed Time Per Partition    ;
+----------------+--------------+
; Partition Name ; Elapsed Time ;
+----------------+--------------+
; Top            ; 00:00:00     ;
+----------------+--------------+


+-------------------------------+
; Analysis & Synthesis Messages ;
+-------------------------------+
Info: *******************************************************************
Info: Running Quartus Prime Analysis & Synthesis
    Info: Version 24.1std.0 Build 1077 03/04/2025 SC Lite Edition
    Info: Processing started: Tue Jul  1 00:23:15 2025
Info: Command: quartus_map --read_settings_files=on --write_settings_files=off QuadCounter_v -c QuadCounter_v
Warning (18236): Number of processors has not been specified which may cause overloading on shared machines.  Set the global assignment NUM_PARALLEL_PROCESSORS in your QSF to an appropriate value for best performance.
Info (20030): Parallel compilation is enabled and will use 16 of the 16 processors detected
Info (12021): Found 1 design units, including 1 entities, in source file binary_to_7seg.sv
    Info (12023): Found entity 1: Binary_To_7seg File: C:/Users/neilp/Documents/Projects_25/FPGA_STUFF/QuadCounter_verilog/Binary_To_7seg.sv Line: 1
Info (12021): Found 1 design units, including 1 entities, in source file enablegen.sv
    Info (12023): Found entity 1: EnableGen File: C:/Users/neilp/Documents/Projects_25/FPGA_STUFF/QuadCounter_verilog/EnableGen.sv Line: 3
Info (12021): Found 1 design units, including 1 entities, in source file top.sv
    Info (12023): Found entity 1: Top File: C:/Users/neilp/Documents/Projects_25/FPGA_STUFF/QuadCounter_verilog/Top.sv Line: 1
Info (12021): Found 1 design units, including 1 entities, in source file bcd_counter.sv
    Info (12023): Found entity 1: BCD_counter File: C:/Users/neilp/Documents/Projects_25/FPGA_STUFF/QuadCounter_verilog/BCD_counter.sv Line: 1
Info (12127): Elaborating entity "Top" for the top level hierarchy
Warning (10034): Output port "o_Seg1_A" at Top.sv(8) has no driver File: C:/Users/neilp/Documents/Projects_25/FPGA_STUFF/QuadCounter_verilog/Top.sv Line: 8
Warning (10034): Output port "o_Seg1_B" at Top.sv(8) has no driver File: C:/Users/neilp/Documents/Projects_25/FPGA_STUFF/QuadCounter_verilog/Top.sv Line: 8
Warning (10034): Output port "o_Seg1_C" at Top.sv(8) has no driver File: C:/Users/neilp/Documents/Projects_25/FPGA_STUFF/QuadCounter_verilog/Top.sv Line: 8
Warning (10034): Output port "o_Seg1_D" at Top.sv(9) has no driver File: C:/Users/neilp/Documents/Projects_25/FPGA_STUFF/QuadCounter_verilog/Top.sv Line: 9
Warning (10034): Output port "o_Seg1_E" at Top.sv(9) has no driver File: C:/Users/neilp/Documents/Projects_25/FPGA_STUFF/QuadCounter_verilog/Top.sv Line: 9
Warning (10034): Output port "o_Seg1_F" at Top.sv(9) has no driver File: C:/Users/neilp/Documents/Projects_25/FPGA_STUFF/QuadCounter_verilog/Top.sv Line: 9
Warning (10034): Output port "o_Seg1_G" at Top.sv(9) has no driver File: C:/Users/neilp/Documents/Projects_25/FPGA_STUFF/QuadCounter_verilog/Top.sv Line: 9
Warning (10034): Output port "o_Seg2_A" at Top.sv(10) has no driver File: C:/Users/neilp/Documents/Projects_25/FPGA_STUFF/QuadCounter_verilog/Top.sv Line: 10
Warning (10034): Output port "o_Seg2_B" at Top.sv(10) has no driver File: C:/Users/neilp/Documents/Projects_25/FPGA_STUFF/QuadCounter_verilog/Top.sv Line: 10
Warning (10034): Output port "o_Seg2_C" at Top.sv(10) has no driver File: C:/Users/neilp/Documents/Projects_25/FPGA_STUFF/QuadCounter_verilog/Top.sv Line: 10
Warning (10034): Output port "o_Seg2_D" at Top.sv(11) has no driver File: C:/Users/neilp/Documents/Projects_25/FPGA_STUFF/QuadCounter_verilog/Top.sv Line: 11
Warning (10034): Output port "o_Seg2_E" at Top.sv(11) has no driver File: C:/Users/neilp/Documents/Projects_25/FPGA_STUFF/QuadCounter_verilog/Top.sv Line: 11
Warning (10034): Output port "o_Seg2_F" at Top.sv(11) has no driver File: C:/Users/neilp/Documents/Projects_25/FPGA_STUFF/QuadCounter_verilog/Top.sv Line: 11
Warning (10034): Output port "o_Seg2_G" at Top.sv(11) has no driver File: C:/Users/neilp/Documents/Projects_25/FPGA_STUFF/QuadCounter_verilog/Top.sv Line: 11
Warning (10034): Output port "o_Seg3_A" at Top.sv(12) has no driver File: C:/Users/neilp/Documents/Projects_25/FPGA_STUFF/QuadCounter_verilog/Top.sv Line: 12
Warning (10034): Output port "o_Seg3_B" at Top.sv(12) has no driver File: C:/Users/neilp/Documents/Projects_25/FPGA_STUFF/QuadCounter_verilog/Top.sv Line: 12
Warning (10034): Output port "o_Seg3_C" at Top.sv(12) has no driver File: C:/Users/neilp/Documents/Projects_25/FPGA_STUFF/QuadCounter_verilog/Top.sv Line: 12
Warning (10034): Output port "o_Seg3_D" at Top.sv(13) has no driver File: C:/Users/neilp/Documents/Projects_25/FPGA_STUFF/QuadCounter_verilog/Top.sv Line: 13
Warning (10034): Output port "o_Seg3_E" at Top.sv(13) has no driver File: C:/Users/neilp/Documents/Projects_25/FPGA_STUFF/QuadCounter_verilog/Top.sv Line: 13
Warning (10034): Output port "o_Seg3_F" at Top.sv(13) has no driver File: C:/Users/neilp/Documents/Projects_25/FPGA_STUFF/QuadCounter_verilog/Top.sv Line: 13
Warning (10034): Output port "o_Seg3_G" at Top.sv(13) has no driver File: C:/Users/neilp/Documents/Projects_25/FPGA_STUFF/QuadCounter_verilog/Top.sv Line: 13
Warning (10034): Output port "o_Seg4_A" at Top.sv(14) has no driver File: C:/Users/neilp/Documents/Projects_25/FPGA_STUFF/QuadCounter_verilog/Top.sv Line: 14
Warning (10034): Output port "o_Seg4_B" at Top.sv(14) has no driver File: C:/Users/neilp/Documents/Projects_25/FPGA_STUFF/QuadCounter_verilog/Top.sv Line: 14
Warning (10034): Output port "o_Seg4_C" at Top.sv(14) has no driver File: C:/Users/neilp/Documents/Projects_25/FPGA_STUFF/QuadCounter_verilog/Top.sv Line: 14
Warning (10034): Output port "o_Seg4_D" at Top.sv(15) has no driver File: C:/Users/neilp/Documents/Projects_25/FPGA_STUFF/QuadCounter_verilog/Top.sv Line: 15
Warning (10034): Output port "o_Seg4_E" at Top.sv(15) has no driver File: C:/Users/neilp/Documents/Projects_25/FPGA_STUFF/QuadCounter_verilog/Top.sv Line: 15
Warning (10034): Output port "o_Seg4_F" at Top.sv(15) has no driver File: C:/Users/neilp/Documents/Projects_25/FPGA_STUFF/QuadCounter_verilog/Top.sv Line: 15
Warning (10034): Output port "o_Seg4_G" at Top.sv(16) has no driver File: C:/Users/neilp/Documents/Projects_25/FPGA_STUFF/QuadCounter_verilog/Top.sv Line: 16
Info (12128): Elaborating entity "EnableGen" for hierarchy "EnableGen:u_EnableGen" File: C:/Users/neilp/Documents/Projects_25/FPGA_STUFF/QuadCounter_verilog/Top.sv Line: 28
Warning (10230): Verilog HDL assignment warning at EnableGen.sv(29): truncated value with size 32 to match size of target (23) File: C:/Users/neilp/Documents/Projects_25/FPGA_STUFF/QuadCounter_verilog/EnableGen.sv Line: 29
Info (12128): Elaborating entity "EnableGen" for hierarchy "EnableGen:u_EnableGen_update" File: C:/Users/neilp/Documents/Projects_25/FPGA_STUFF/QuadCounter_verilog/Top.sv Line: 34
Warning (10230): Verilog HDL assignment warning at EnableGen.sv(29): truncated value with size 32 to match size of target (13) File: C:/Users/neilp/Documents/Projects_25/FPGA_STUFF/QuadCounter_verilog/EnableGen.sv Line: 29
Info (12128): Elaborating entity "BCD_counter" for hierarchy "BCD_counter:u_BCD_counter" File: C:/Users/neilp/Documents/Projects_25/FPGA_STUFF/QuadCounter_verilog/Top.sv Line: 41
Warning (10230): Verilog HDL assignment warning at BCD_counter.sv(13): truncated value with size 32 to match size of target (4) File: C:/Users/neilp/Documents/Projects_25/FPGA_STUFF/QuadCounter_verilog/BCD_counter.sv Line: 13
Warning (13024): Output pins are stuck at VCC or GND
    Warning (13410): Pin "o_Seg1_A" is stuck at GND File: C:/Users/neilp/Documents/Projects_25/FPGA_STUFF/QuadCounter_verilog/Top.sv Line: 8
    Warning (13410): Pin "o_Seg1_B" is stuck at GND File: C:/Users/neilp/Documents/Projects_25/FPGA_STUFF/QuadCounter_verilog/Top.sv Line: 8
    Warning (13410): Pin "o_Seg1_C" is stuck at GND File: C:/Users/neilp/Documents/Projects_25/FPGA_STUFF/QuadCounter_verilog/Top.sv Line: 8
    Warning (13410): Pin "o_Seg1_D" is stuck at GND File: C:/Users/neilp/Documents/Projects_25/FPGA_STUFF/QuadCounter_verilog/Top.sv Line: 9
    Warning (13410): Pin "o_Seg1_E" is stuck at GND File: C:/Users/neilp/Documents/Projects_25/FPGA_STUFF/QuadCounter_verilog/Top.sv Line: 9
    Warning (13410): Pin "o_Seg1_F" is stuck at GND File: C:/Users/neilp/Documents/Projects_25/FPGA_STUFF/QuadCounter_verilog/Top.sv Line: 9
    Warning (13410): Pin "o_Seg1_G" is stuck at GND File: C:/Users/neilp/Documents/Projects_25/FPGA_STUFF/QuadCounter_verilog/Top.sv Line: 9
    Warning (13410): Pin "o_Seg2_A" is stuck at GND File: C:/Users/neilp/Documents/Projects_25/FPGA_STUFF/QuadCounter_verilog/Top.sv Line: 10
    Warning (13410): Pin "o_Seg2_B" is stuck at GND File: C:/Users/neilp/Documents/Projects_25/FPGA_STUFF/QuadCounter_verilog/Top.sv Line: 10
    Warning (13410): Pin "o_Seg2_C" is stuck at GND File: C:/Users/neilp/Documents/Projects_25/FPGA_STUFF/QuadCounter_verilog/Top.sv Line: 10
    Warning (13410): Pin "o_Seg2_D" is stuck at GND File: C:/Users/neilp/Documents/Projects_25/FPGA_STUFF/QuadCounter_verilog/Top.sv Line: 11
    Warning (13410): Pin "o_Seg2_E" is stuck at GND File: C:/Users/neilp/Documents/Projects_25/FPGA_STUFF/QuadCounter_verilog/Top.sv Line: 11
    Warning (13410): Pin "o_Seg2_F" is stuck at GND File: C:/Users/neilp/Documents/Projects_25/FPGA_STUFF/QuadCounter_verilog/Top.sv Line: 11
    Warning (13410): Pin "o_Seg2_G" is stuck at GND File: C:/Users/neilp/Documents/Projects_25/FPGA_STUFF/QuadCounter_verilog/Top.sv Line: 11
    Warning (13410): Pin "o_Seg3_A" is stuck at GND File: C:/Users/neilp/Documents/Projects_25/FPGA_STUFF/QuadCounter_verilog/Top.sv Line: 12
    Warning (13410): Pin "o_Seg3_B" is stuck at GND File: C:/Users/neilp/Documents/Projects_25/FPGA_STUFF/QuadCounter_verilog/Top.sv Line: 12
    Warning (13410): Pin "o_Seg3_C" is stuck at GND File: C:/Users/neilp/Documents/Projects_25/FPGA_STUFF/QuadCounter_verilog/Top.sv Line: 12
    Warning (13410): Pin "o_Seg3_D" is stuck at GND File: C:/Users/neilp/Documents/Projects_25/FPGA_STUFF/QuadCounter_verilog/Top.sv Line: 13
    Warning (13410): Pin "o_Seg3_E" is stuck at GND File: C:/Users/neilp/Documents/Projects_25/FPGA_STUFF/QuadCounter_verilog/Top.sv Line: 13
    Warning (13410): Pin "o_Seg3_F" is stuck at GND File: C:/Users/neilp/Documents/Projects_25/FPGA_STUFF/QuadCounter_verilog/Top.sv Line: 13
    Warning (13410): Pin "o_Seg3_G" is stuck at GND File: C:/Users/neilp/Documents/Projects_25/FPGA_STUFF/QuadCounter_verilog/Top.sv Line: 13
    Warning (13410): Pin "o_Seg4_A" is stuck at GND File: C:/Users/neilp/Documents/Projects_25/FPGA_STUFF/QuadCounter_verilog/Top.sv Line: 14
    Warning (13410): Pin "o_Seg4_B" is stuck at GND File: C:/Users/neilp/Documents/Projects_25/FPGA_STUFF/QuadCounter_verilog/Top.sv Line: 14
    Warning (13410): Pin "o_Seg4_C" is stuck at GND File: C:/Users/neilp/Documents/Projects_25/FPGA_STUFF/QuadCounter_verilog/Top.sv Line: 14
    Warning (13410): Pin "o_Seg4_D" is stuck at GND File: C:/Users/neilp/Documents/Projects_25/FPGA_STUFF/QuadCounter_verilog/Top.sv Line: 15
    Warning (13410): Pin "o_Seg4_E" is stuck at GND File: C:/Users/neilp/Documents/Projects_25/FPGA_STUFF/QuadCounter_verilog/Top.sv Line: 15
    Warning (13410): Pin "o_Seg4_F" is stuck at GND File: C:/Users/neilp/Documents/Projects_25/FPGA_STUFF/QuadCounter_verilog/Top.sv Line: 15
    Warning (13410): Pin "o_Seg4_G" is stuck at GND File: C:/Users/neilp/Documents/Projects_25/FPGA_STUFF/QuadCounter_verilog/Top.sv Line: 16
Info (16010): Generating hard_block partition "hard_block:auto_generated_inst"
    Info (16011): Adding 0 node(s), including 0 DDIO, 0 PLL, 0 transceiver and 0 LCELL
Warning (21074): Design contains 2 input pin(s) that do not drive logic
    Warning (15610): No output dependent on input pin "i_clk" File: C:/Users/neilp/Documents/Projects_25/FPGA_STUFF/QuadCounter_verilog/Top.sv Line: 5
    Warning (15610): No output dependent on input pin "rst_n" File: C:/Users/neilp/Documents/Projects_25/FPGA_STUFF/QuadCounter_verilog/Top.sv Line: 6
Info (21057): Implemented 30 device resources after synthesis - the final resource count might be different
    Info (21058): Implemented 2 input pins
    Info (21059): Implemented 28 output pins
Info: Quartus Prime Analysis & Synthesis was successful. 0 errors, 64 warnings
    Info: Peak virtual memory: 4821 megabytes
    Info: Processing ended: Tue Jul  1 00:23:19 2025
    Info: Elapsed time: 00:00:04
    Info: Total CPU time (on all processors): 00:00:10


